#
# A fatal error has been detected by the Java Runtime Environment:
#
#  SIGSEGV (0xb) at pc=0xb6b94065, pid=4185, tid=2275769152
#
# JRE version: OpenJDK Runtime Environment (7.0_79-b14) (build 1.7.0_79-b14)
# Java VM: OpenJDK Server VM (24.79-b02 mixed mode linux-x86 )
# Derivative: IcedTea 2.5.5
# Distribution: Ubuntu 14.04 LTS, package 7u79-2.5.5-0ubuntu0.14.04.2
# Problematic frame:
# V  [libjvm.so+0x4c0065]  jni_GetLongField+0x55
#
# Failed to write core dump. Core dumps have been disabled. To enable core dumping, try "ulimit -c unlimited" before starting Java again
#
# If you would like to submit a bug report, please include
# instructions on how to reproduce the bug and visit:
#   http://icedtea.classpath.org/bugzilla
#

---------------  T H R E A D  ---------------

Current thread (0x885c0c00):  JavaThread "AWT-XAWT" daemon [_thread_in_vm, id=4209, stack(0x87a07000,0x87a58000)]

siginfo:si_signo=SIGSEGV: si_errno=0, si_code=1 (SEGV_MAPERR), si_addr=0x00000000

Registers:
EAX=0x00000000, EBX=0xb7115000, ECX=0x88d4cdc0, EDX=0xb7130cac
ESP=0x87a56de0, EBP=0x00000042, ESI=0x885c0c00, EDI=0x00000000
EIP=0xb6b94065, EFLAGS=0x00010286, CR2=0x00000000

Top of Stack: (sp=0x87a56de0)
0x87a56de0:   b303c67b a8c9b0b8 00000000 b6b922a8
0x87a56df0:   00010002 87a56e1c 8b18de08 8b91e288
0x87a56e00:   8b18c8f0 00000000 b6b92239 88d4b000
0x87a56e10:   00000000 885c0d28 87a56e68 88d1d823
0x87a56e20:   885c0d28 00000000 00000042 b6eb7cab
0x87a56e30:   8b91e1ac 01000003 ffffffff 885c0d28
0x87a56e40:   8afc74f4 87a56e70 87a56e68 88d1d8f4
0x87a56e50:   b711b140 00010002 88d1d7ff 88442000 

Instructions: (pc=0xb6b94065)
0xb6b94045:   de 00 00 74 0a 89 34 24 31 f6 e8 2c d8 2f 00 89
0xb6b94055:   f0 e8 85 e3 ff ff 8b 6c 24 48 8d 93 ac bc 01 00
0xb6b94065:   8b 07 c1 ed 02 80 3a 00 8b 48 04 74 24 8b 54 24
0xb6b94075:   48 c7 44 24 14 00 00 00 00 89 4c 24 0c 89 44 24 

Register to memory mapping:

EAX=0x00000000 is an unknown value
EBX=0xb7115000: <offset 0xa41000> in /usr/lib/jvm/java-7-openjdk-i386/jre/lib/i386/server/libjvm.so at 0xb66d4000
ECX=0x88d4cdc0: <offset 0x4adc0> in /usr/lib/jvm/java-7-openjdk-i386/jre/lib/i386/xawt/libmawt.so at 0x88d02000
EDX=0xb7130cac: <offset 0xa5ccac> in /usr/lib/jvm/java-7-openjdk-i386/jre/lib/i386/server/libjvm.so at 0xb66d4000
ESP=0x87a56de0 is pointing into the stack for thread: 0x885c0c00
EBP=0x00000042 is an unknown value
ESI=0x885c0c00 is a thread
EDI=0x00000000 is an unknown value


Stack: [0x87a07000,0x87a58000],  sp=0x87a56de0,  free space=319k
Native frames: (J=compiled Java code, j=interpreted, Vv=VM code, C=native code)
V  [libjvm.so+0x4c0065]  jni_GetLongField+0x55

Java frames: (J=compiled Java code, j=interpreted, Vv=VM code)
j  sun.awt.X11.XlibWrapper.XFilterEvent(JJ)Z+0
j  sun.awt.X11.XToolkit.run(Z)V+300
j  sun.awt.X11.XToolkit.run()V+5
j  java.lang.Thread.run()V+11
v  ~StubRoutines::call_stub

---------------  P R O C E S S  ---------------

Java Threads: ( => current thread )
  0x87696000 JavaThread "TimerQueue" daemon [_thread_blocked, id=4224, stack(0x875af000,0x87600000)]
  0x8763e400 JavaThread "Thread-1" [_thread_blocked, id=4215, stack(0x8750d000,0x8755e000)]
  0x8763f800 JavaThread "org.netbeans.modules.debugger.jpda.visual AWT Access Loop" daemon [_thread_blocked, id=4214, stack(0x8755e000,0x875af000)]
  0xb6409000 JavaThread "DestroyJavaVM" [_thread_blocked, id=4189, stack(0xb6538000,0xb6589000)]
  0x8783ec00 JavaThread "AWT-EventQueue-0" [_thread_blocked, id=4212, stack(0x8770b000,0x8775c000)]
  0x8780f800 JavaThread "AWT-Shutdown" [_thread_blocked, id=4211, stack(0x877af000,0x87800000)]
=>0x885c0c00 JavaThread "AWT-XAWT" daemon [_thread_in_vm, id=4209, stack(0x87a07000,0x87a58000)]
  0x885ab400 JavaThread "Java2D Disposer" daemon [_thread_blocked, id=4208, stack(0x87a7e000,0x87acf000)]
  0x88cafc00 JavaThread "Service Thread" daemon [_thread_blocked, id=4206, stack(0x886ba000,0x8870b000)]
  0x88cae000 JavaThread "C2 CompilerThread1" daemon [_thread_blocked, id=4205, stack(0x8870b000,0x8878c000)]
  0x88cabc00 JavaThread "C2 CompilerThread0" daemon [_thread_blocked, id=4204, stack(0x8878c000,0x8880d000)]
  0x88a00800 JavaThread "JDWP Command Reader" daemon [_thread_in_native, id=4200, stack(0x8880d000,0x8885e000)]
  0x88caa400 JavaThread "JDWP Event Helper Thread" daemon [_thread_blocked, id=4199, stack(0x8885e000,0x888af000)]
  0x88ca7800 JavaThread "JDWP Transport Listener: dt_socket" daemon [_thread_blocked, id=4198, stack(0x888af000,0x88900000)]
  0x88c9f000 JavaThread "Signal Dispatcher" daemon [_thread_blocked, id=4197, stack(0x88b0d000,0x88b5e000)]
  0x88c8cc00 JavaThread "Finalizer" daemon [_thread_blocked, id=4196, stack(0x88b5e000,0x88baf000)]
  0x88c8b400 JavaThread "Reference Handler" daemon [_thread_blocked, id=4195, stack(0x88baf000,0x88c00000)]

Other Threads:
  0x88c88c00 VMThread [stack: 0x88d4e000,0x88dcf000] [id=4194]
  0x88cb1c00 WatcherThread [stack: 0x88639000,0x886ba000] [id=4207]

VM state:not at safepoint (normal execution)

VM Mutex/Monitor currently owned by a thread: None

Heap
 PSYoungGen      total 8960K, used 8478K [0xa8480000, 0xa8e80000, 0xb2f40000)
  eden space 7680K, 93% used [0xa8480000,0xa8b8b728,0xa8c00000)
  from space 1280K, 98% used [0xa8c00000,0xa8d3c448,0xa8d40000)
  to   space 1280K, 0% used [0xa8d40000,0xa8d40000,0xa8e80000)
 ParOldGen       total 20480K, used 1088K [0x92f40000, 0x94340000, 0xa8480000)
  object space 20480K, 5% used [0x92f40000,0x930501f0,0x94340000)
 PSPermGen       total 16384K, used 10442K [0x8af40000, 0x8bf40000, 0x92f40000)
  object space 16384K, 63% used [0x8af40000,0x8b972bb8,0x8bf40000)

Card table byte_map: [0x8adff000,0x8af40000] byte_map_base: 0x8a9a7600

Polling page: 0xb773a000

Code Cache  [0xb3039000, 0xb3279000, 0xb6039000)
 total_blobs=317 nmethods=78 adapters=200 free_code_cache=48668Kb largest_free_block=49810944

Compilation events (10 events):
Event: 16.899 Thread 0x88cae000   74             java.util.concurrent.locks.AbstractQueuedSynchronizer::release (33 bytes)
Event: 16.908 Thread 0x88cae000 nmethod 74 0xb30b0a48 code [0xb30b0b40, 0xb30b0cbc]
Event: 19.395 Thread 0x88cabc00   75             java.util.concurrent.locks.ReentrantLock::unlock (10 bytes)
Event: 19.405 Thread 0x88cabc00 nmethod 75 0xb30b0608 code [0xb30b0720, 0xb30b08bc]
Event: 32.402 Thread 0x88cae000   76   !         sun.awt.AppContext::get (121 bytes)
Event: 32.423 Thread 0x88cae000 nmethod 76 0xb30ac008 code [0xb30ac180, 0xb30ac91c]
Event: 39.124 Thread 0x88cabc00   77             java.util.concurrent.locks.ReentrantLock::lock (8 bytes)
Event: 39.124 Thread 0x88cae000   78             java.util.concurrent.locks.ReentrantLock$NonfairSync::lock (25 bytes)
Event: 39.126 Thread 0x88cae000 nmethod 78 0xb30ad348 code [0xb30ad460, 0xb30ad558]
Event: 39.126 Thread 0x88cabc00 nmethod 77 0xb30aa3c8 code [0xb30aa500, 0xb30aa638]

GC Heap History (2 events):
Event: 8.305 GC heap before
{Heap before GC invocations=1 (full 0):
 PSYoungGen      total 8960K, used 7680K [0xa8480000, 0xa8e80000, 0xb2f40000)
  eden space 7680K, 100% used [0xa8480000,0xa8c00000,0xa8c00000)
  from space 1280K, 0% used [0xa8d40000,0xa8d40000,0xa8e80000)
  to   space 1280K, 0% used [0xa8c00000,0xa8c00000,0xa8d40000)
 ParOldGen       total 20480K, used 0K [0x92f40000, 0x94340000, 0xa8480000)
  object space 20480K, 0% used [0x92f40000,0x92f40000,0x94340000)
 PSPermGen       total 16384K, used 8644K [0x8af40000, 0x8bf40000, 0x92f40000)
  object space 16384K, 52% used [0x8af40000,0x8b7b1140,0x8bf40000)
Event: 8.313 GC heap after
Heap after GC invocations=1 (full 0):
 PSYoungGen      total 8960K, used 1265K [0xa8480000, 0xa8e80000, 0xb2f40000)
  eden space 7680K, 0% used [0xa8480000,0xa8480000,0xa8c00000)
  from space 1280K, 98% used [0xa8c00000,0xa8d3c448,0xa8d40000)
  to   space 1280K, 0% used [0xa8d40000,0xa8d40000,0xa8e80000)
 ParOldGen       total 20480K, used 1088K [0x92f40000, 0x94340000, 0xa8480000)
  object space 20480K, 5% used [0x92f40000,0x930501f0,0x94340000)
 PSPermGen       total 16384K, used 8644K [0x8af40000, 0x8bf40000, 0x92f40000)
  object space 16384K, 52% used [0x8af40000,0x8b7b1140,0x8bf40000)
}

Deoptimization events (4 events):
Event: 8.610 Thread 0x8783fc00 Uncommon trap: reason=class_check action=maybe_recompile pc=0xb308e8e4 method=java.lang.String.equals(Ljava/lang/Object;)Z @ 8
Event: 8.610 Thread 0x8783fc00 Uncommon trap: reason=class_check action=maybe_recompile pc=0xb308e8e4 method=java.lang.String.equals(Ljava/lang/Object;)Z @ 8
Event: 8.610 Thread 0x8783fc00 Uncommon trap: reason=class_check action=maybe_recompile pc=0xb308e8e4 method=java.lang.String.equals(Ljava/lang/Object;)Z @ 8
Event: 8.610 Thread 0x8783fc00 Uncommon trap: reason=class_check action=maybe_recompile pc=0xb308e8e4 method=java.lang.String.equals(Ljava/lang/Object;)Z @ 8

Internal exceptions (10 events):
Event: 8.687 Thread 0x8783fc00 Threw 0xa89b2f20 at /build/buildd/openjdk-7-7u79-2.5.5/build/openjdk/hotspot/src/share/vm/prims/jvm.cpp:1284
Event: 8.710 Thread 0x8783fc00 Threw 0xa89f97a8 at /build/buildd/openjdk-7-7u79-2.5.5/build/openjdk/hotspot/src/share/vm/prims/jvm.cpp:1284
Event: 8.717 Thread 0x8783fc00 Threw 0xa89ff128 at /build/buildd/openjdk-7-7u79-2.5.5/build/openjdk/hotspot/src/share/vm/prims/jvm.cpp:1284
Event: 8.717 Thread 0x8783fc00 Threw 0xa8a03c08 at /build/buildd/openjdk-7-7u79-2.5.5/build/openjdk/hotspot/src/share/vm/prims/jvm.cpp:1284
Event: 8.718 Thread 0x8783fc00 Threw 0xa8a07e10 at /build/buildd/openjdk-7-7u79-2.5.5/build/openjdk/hotspot/src/share/vm/prims/jvm.cpp:1284
Event: 8.719 Thread 0x8783fc00 Threw 0xa8a0fec0 at /build/buildd/openjdk-7-7u79-2.5.5/build/openjdk/hotspot/src/share/vm/prims/jvm.cpp:1284
Event: 8.719 Thread 0x8783fc00 Threw 0xa8a13340 at /build/buildd/openjdk-7-7u79-2.5.5/build/openjdk/hotspot/src/share/vm/prims/jvm.cpp:1284
Event: 8.720 Thread 0x8783fc00 Threw 0xa8a16490 at /build/buildd/openjdk-7-7u79-2.5.5/build/openjdk/hotspot/src/share/vm/prims/jvm.cpp:1284
Event: 8.727 Thread 0x8783fc00 Threw 0xa8a1c418 at /build/buildd/openjdk-7-7u79-2.5.5/build/openjdk/hotspot/src/share/vm/prims/jvm.cpp:1284
Event: 8.909 Thread 0x8783ec00 Threw 0xa8a80410 at /build/buildd/openjdk-7-7u79-2.5.5/build/openjdk/hotspot/src/share/vm/prims/jni.cpp:747

Events (10 events):
Event: 15.411 loading class 0x8ab4e5c8 done
Event: 15.411 loading class 0x8ab4e488 done
Event: 15.416 loading class 0x83b5cab8
Event: 15.416 loading class 0x83b5cab8 done
Event: 15.417 loading class 0x876085d0
Event: 15.417 loading class 0x87608590
Event: 15.417 loading class 0x87608590 done
Event: 15.417 loading class 0x876085d0 done
Event: 43.280 loading class 0x8ab2b478
Event: 43.280 loading class 0x8ab2b478 done


Dynamic libraries:
08048000-08049000 r-xp 00000000 08:02 2766113    /usr/lib/jvm/java-7-openjdk-i386/jre/bin/java
08049000-0804a000 r--p 00000000 08:02 2766113    /usr/lib/jvm/java-7-openjdk-i386/jre/bin/java
0804a000-0804b000 rw-p 00001000 08:02 2766113    /usr/lib/jvm/java-7-openjdk-i386/jre/bin/java
08370000-08391000 rw-p 00000000 00:00 0          [heap]
83500000-83530000 rw-p 00000000 00:00 0 
83530000-83600000 ---p 00000000 00:00 0 
8362e000-8383f000 rw-p 00000000 00:00 0 
8383f000-83900000 rw-s 00000000 00:04 2981927    /SYSV00000000 (deleted)
83900000-839b0000 rw-p 00000000 00:00 0 
839b0000-83a00000 ---p 00000000 00:00 0 
83a00000-83a10000 rw-s 00000000 00:04 3244080    /SYSV00000000 (deleted)
83a10000-83a20000 rw-s 00000000 00:04 3211311    /SYSV00000000 (deleted)
83a20000-83aa0000 rw-s 00000000 00:04 3047466    /SYSV00000000 (deleted)
83aa0000-83b00000 rw-s 00000000 00:04 3014697    /SYSV00000000 (deleted)
83b00000-83bf9000 rw-p 00000000 00:00 0 
83bf9000-83c00000 ---p 00000000 00:00 0 
83c0e000-83c1e000 rw-s 00000000 00:04 3178542    /SYSV00000000 (deleted)
83c1e000-83c2e000 rw-s 00000000 00:04 3145773    /SYSV00000000 (deleted)
83c2e000-83c36000 rw-s 00000000 00:04 3113004    /SYSV00000000 (deleted)
83c36000-83c54000 r--s 00000000 08:02 3284745    /usr/share/mime/mime.cache
83c54000-83c55000 ---p 00000000 00:00 0 
83c55000-84455000 rw-p 00000000 00:00 0 
84455000-84456000 ---p 00000000 00:00 0 
84456000-84c56000 rw-p 00000000 00:00 0 
84c56000-84c57000 ---p 00000000 00:00 0 
84c57000-85457000 rw-p 00000000 00:00 0          [stack:4220]
85457000-8545f000 r-xp 00000000 08:02 3015735    /lib/i386-linux-gnu/libnih-dbus.so.1.0.0
8545f000-85460000 r--p 00007000 08:02 3015735    /lib/i386-linux-gnu/libnih-dbus.so.1.0.0
85460000-85461000 rw-p 00008000 08:02 3015735    /lib/i386-linux-gnu/libnih-dbus.so.1.0.0
85461000-85478000 r-xp 00000000 08:02 3015737    /lib/i386-linux-gnu/libnih.so.1.0.0
85478000-85479000 r--p 00016000 08:02 3015737    /lib/i386-linux-gnu/libnih.so.1.0.0
85479000-8547a000 rw-p 00017000 08:02 3015737    /lib/i386-linux-gnu/libnih.so.1.0.0
8547a000-85496000 r-xp 00000000 08:02 3015678    /lib/i386-linux-gnu/libcgmanager.so.0.0.0
85496000-85497000 r--p 0001b000 08:02 3015678    /lib/i386-linux-gnu/libcgmanager.so.0.0.0
85497000-85498000 rw-p 0001c000 08:02 3015678    /lib/i386-linux-gnu/libcgmanager.so.0.0.0
85498000-854a9000 r-xp 00000000 08:02 3015808    /lib/i386-linux-gnu/libudev.so.1.3.5
854a9000-854aa000 r--p 00010000 08:02 3015808    /lib/i386-linux-gnu/libudev.so.1.3.5
854aa000-854ab000 rw-p 00011000 08:02 3015808    /lib/i386-linux-gnu/libudev.so.1.3.5
854ab000-854dd000 r-xp 00000000 08:02 2621925    /usr/lib/i386-linux-gnu/gvfs/libgvfscommon.so
854dd000-854df000 r--p 00032000 08:02 2621925    /usr/lib/i386-linux-gnu/gvfs/libgvfscommon.so
854df000-854e0000 rw-p 00034000 08:02 2621925    /usr/lib/i386-linux-gnu/gvfs/libgvfscommon.so
854e0000-85510000 r-xp 00000000 08:02 2622516    /usr/lib/i386-linux-gnu/gio/modules/libgvfsdbus.so
85510000-85511000 r--p 0002f000 08:02 2622516    /usr/lib/i386-linux-gnu/gio/modules/libgvfsdbus.so
85511000-85512000 rw-p 00030000 08:02 2622516    /usr/lib/i386-linux-gnu/gio/modules/libgvfsdbus.so
85512000-8556c000 r-xp 00000000 08:02 2627353    /usr/lib/i386-linux-gnu/libibus-1.0.so.5.0.505
8556c000-8556d000 r--p 0005a000 08:02 2627353    /usr/lib/i386-linux-gnu/libibus-1.0.so.5.0.505
8556d000-8556e000 rw-p 0005b000 08:02 2627353    /usr/lib/i386-linux-gnu/libibus-1.0.so.5.0.505
85570000-8557d000 rw-s 00000000 00:04 3080235    /SYSV00000000 (deleted)
8557d000-85583000 r--p 00000000 08:02 137855     /usr/share/locale-langpack/es/LC_MESSAGES/gdk-pixbuf.mo
85583000-85587000 r-xp 00000000 08:02 2628654    /usr/lib/i386-linux-gnu/gdk-pixbuf-2.0/2.10.0/loaders/libpixbufloader-png.so
85587000-85588000 r--p 00003000 08:02 2628654    /usr/lib/i386-linux-gnu/gdk-pixbuf-2.0/2.10.0/loaders/libpixbufloader-png.so
85588000-85589000 rw-p 00004000 08:02 2628654    /usr/lib/i386-linux-gnu/gdk-pixbuf-2.0/2.10.0/loaders/libpixbufloader-png.so
85589000-8558f000 r-xp 00000000 08:02 2628968    /usr/lib/i386-linux-gnu/gtk-2.0/2.10.0/immodules/im-ibus.so
8558f000-85590000 r--p 00005000 08:02 2628968    /usr/lib/i386-linux-gnu/gtk-2.0/2.10.0/immodules/im-ibus.so
85590000-85591000 rw-p 00006000 08:02 2628968    /usr/lib/i386-linux-gnu/gtk-2.0/2.10.0/immodules/im-ibus.so
85591000-8559f000 r--p 00000000 08:02 3155889    /usr/share/fonts/opentype/cantarell/Cantarell-Regular.otf
8559f000-855af000 r--s 00000000 08:02 265355     /usr/share/fonts/type1/gsfonts/a010033l.pfb
855af000-855c2000 r--s 00000000 08:02 265409     /usr/share/fonts/type1/gsfonts/n019064l.pfb
855c2000-855dd000 r--s 00000000 08:02 265376     /usr/share/fonts/type1/gsfonts/c059016l.pfb
855dd000-855f2000 r--s 00000000 08:02 265367     /usr/share/fonts/type1/gsfonts/b018032l.pfb
855f2000-8560a000 r--s 00000000 08:02 265379     /usr/share/fonts/type1/gsfonts/c059033l.pfb
8560a000-8561c000 r--s 00000000 08:02 265370     /usr/share/fonts/type1/gsfonts/b018035l.pfb
8561c000-85633000 r--s 00000000 08:02 265451     /usr/share/fonts/type1/gsfonts/z003034l.pfb
85633000-8563f000 r--s 00000000 08:02 265385     /usr/share/fonts/type1/gsfonts/d050000l.pfb
8563f000-85651000 r--s 00000000 08:02 265400     /usr/share/fonts/type1/gsfonts/n019043l.pfb
85651000-8565a000 r--s 00000000 08:02 265448     /usr/share/fonts/type1/gsfonts/s050000l.pfb
8565a000-85672000 r--s 00000000 08:02 265382     /usr/share/fonts/type1/gsfonts/c059036l.pfb
85672000-85682000 r--s 00000000 08:02 265352     /usr/share/fonts/type1/gsfonts/a010015l.pfb
85682000-8569d000 r--s 00000000 08:02 265436     /usr/share/fonts/type1/gsfonts/p052003l.pfb
8569d000-856b9000 r--s 00000000 08:02 265445     /usr/share/fonts/type1/gsfonts/p052024l.pfb
856b9000-856ca000 r--s 00000000 08:02 265358     /usr/share/fonts/type1/gsfonts/a010035l.pfb
856ca000-856e5000 r--s 00000000 08:02 265442     /usr/share/fonts/type1/gsfonts/p052023l.pfb
856e5000-85700000 r--s 00000000 08:02 265439     /usr/share/fonts/type1/gsfonts/p052004l.pfb
85700000-857ff000 rw-p 00000000 00:00 0 
857ff000-85800000 ---p 00000000 00:00 0 
85801000-85802000 rw-p 00000000 00:00 0 
85802000-8581c000 r--s 00000000 08:02 265373     /usr/share/fonts/type1/gsfonts/c059013l.pfb
8581c000-8582f000 r--s 00000000 08:02 265364     /usr/share/fonts/type1/gsfonts/b018015l.pfb
8582f000-85848000 r--s 00000000 08:02 265361     /usr/share/fonts/type1/gsfonts/b018012l.pfb
85848000-85859000 r--s 00000000 08:02 265406     /usr/share/fonts/type1/gsfonts/n019063l.pfb
85859000-85869000 r--s 00000000 08:02 265349     /usr/share/fonts/type1/gsfonts/a010013l.pfb
85869000-8587b000 r--s 00000000 08:02 265403     /usr/share/fonts/type1/gsfonts/n019044l.pfb
8587b000-85885000 r--s 00000000 08:02 264647     /usr/share/fonts/X11/Type1/c0419bt_.pfb
85885000-8588e000 r--s 00000000 08:02 264655     /usr/share/fonts/X11/Type1/c0632bt_.pfb
8588e000-85898000 r--s 00000000 08:02 264653     /usr/share/fonts/X11/Type1/c0611bt_.pfb
85898000-858a2000 r--s 00000000 08:02 264651     /usr/share/fonts/X11/Type1/c0583bt_.pfb
858a2000-858ac000 r--s 00000000 08:02 265454     /usr/share/fonts/type1/mathml/Symbol.pfb
858ac000-858b6000 r--s 00000000 08:02 264649     /usr/share/fonts/X11/Type1/c0582bt_.pfb
858b6000-858bf000 r--s 00000000 08:02 264661     /usr/share/fonts/X11/Type1/c0649bt_.pfb
858bf000-858c8000 r--s 00000000 08:02 264659     /usr/share/fonts/X11/Type1/c0648bt_.pfb
858c8000-858d1000 r--s 00000000 08:02 264657     /usr/share/fonts/X11/Type1/c0633bt_.pfb
858d1000-858d9000 r--s 00000000 08:02 2228415    /var/cache/fontconfig/945677eb7aeaf62f1d50efc3fb3ec7d8-le32d4.cache-4
858d9000-858dd000 r--s 00000000 08:02 2228401    /var/cache/fontconfig/2cd17615ca594fa2959ae173292e504c-le32d4.cache-4
858dd000-858e2000 r--s 00000000 08:02 2228418    /var/cache/fontconfig/a755afe4a08bf5b97852ceb7400b47bc-le32d4.cache-4
858e2000-858f1000 r--s 00000000 08:02 2228396    /var/cache/fontconfig/04aabc0a78ac019cf9454389977116d2-le32d4.cache-4
858f1000-858f4000 r--s 00000000 08:02 2228404    /var/cache/fontconfig/385c0604a188198f04d133e54aba7fe7-le32d4.cache-4
858f4000-858f8000 r--s 00000000 08:02 2228414    /var/cache/fontconfig/8801497958630a81b71ace7c5f9b32a8-le32d4.cache-4
858f8000-858fd000 r--s 00000000 08:02 2228402    /var/cache/fontconfig/3047814df9a2f067bd2d96a2b9c36e5a-le32d4.cache-4
858fd000-85901000 r--s 00000000 08:02 2228419    /var/cache/fontconfig/b47c4e1ecd0709278f4910c18777a504-le32d4.cache-4
85901000-85911000 r--s 00000000 08:02 2228425    /var/cache/fontconfig/d52a8644073d54c13679302ca1180695-le32d4.cache-4
85911000-85918000 r--s 00000000 08:02 2235225    /var/cache/fontconfig/3f7329c5293ffd510edef78f73874cfd-le32d4.cache-4
85918000-85921000 r--s 00000000 08:02 2238522    /var/cache/fontconfig/d589a48862398ed80a3d6066f4f56f4c-le32d4.cache-4
85921000-85937000 r--s 00000000 08:02 265433     /usr/share/fonts/type1/gsfonts/n022024l.pfb
85937000-8594f000 r--s 00000000 08:02 265424     /usr/share/fonts/type1/gsfonts/n022003l.pfb
8594f000-85960000 r--s 00000000 08:02 265397     /usr/share/fonts/type1/gsfonts/n019024l.pfb
85960000-85979000 r--s 00000000 08:02 265415     /usr/share/fonts/type1/gsfonts/n021004l.pfb
85979000-8598b000 r--s 00000000 08:02 265391     /usr/share/fonts/type1/gsfonts/n019004l.pfb
8598b000-859a4000 r--s 00000000 08:02 265427     /usr/share/fonts/type1/gsfonts/n022004l.pfb
859a4000-859bd000 r--s 00000000 08:02 265412     /usr/share/fonts/type1/gsfonts/n021003l.pfb
859bd000-859d3000 r--s 00000000 08:02 265421     /usr/share/fonts/type1/gsfonts/n021024l.pfb
859d3000-859e9000 r--s 00000000 08:02 265430     /usr/share/fonts/type1/gsfonts/n022023l.pfb
859e9000-85a00000 r--s 00000000 08:02 265418     /usr/share/fonts/type1/gsfonts/n021023l.pfb
85a00000-85a0a000 r--s 00000000 08:02 265454     /usr/share/fonts/type1/mathml/Symbol.pfb
85a0a000-85a1b000 r--s 00000000 08:02 265394     /usr/share/fonts/type1/gsfonts/n019023l.pfb
85a1b000-85a2f000 r--s 00000000 08:02 265388     /usr/share/fonts/type1/gsfonts/n019003l.pfb
85a2f000-85a30000 ---p 00000000 00:00 0 
85a30000-86230000 rw-p 00000000 00:00 0          [stack:4219]
86230000-86231000 ---p 00000000 00:00 0 
86231000-86a31000 rw-p 00000000 00:00 0          [stack:4218]
86a31000-86a37000 r--p 00000000 08:02 3305221    /home/lypef/.config/dconf/user
86a37000-86a42000 r-xp 00000000 08:02 2628727    /usr/lib/i386-linux-gnu/gio/modules/libdconfsettings.so
86a42000-86a43000 r--p 0000a000 08:02 2628727    /usr/lib/i386-linux-gnu/gio/modules/libdconfsettings.so
86a43000-86a44000 rw-p 0000b000 08:02 2628727    /usr/lib/i386-linux-gnu/gio/modules/libdconfsettings.so
86a44000-86aa4000 r--p 00000000 08:02 3160341    /usr/share/glib-2.0/schemas/gschemas.compiled
86aa4000-86aab000 r-xp 00000000 08:02 2627516    /usr/lib/i386-linux-gnu/libogg.so.0.8.1
86aab000-86aac000 r--p 00006000 08:02 2627516    /usr/lib/i386-linux-gnu/libogg.so.0.8.1
86aac000-86aad000 rw-p 00007000 08:02 2627516    /usr/lib/i386-linux-gnu/libogg.so.0.8.1
86aad000-86ad6000 r-xp 00000000 08:02 2627790    /usr/lib/i386-linux-gnu/libvorbis.so.0.4.5
86ad6000-86ad7000 ---p 00029000 08:02 2627790    /usr/lib/i386-linux-gnu/libvorbis.so.0.4.5
86ad7000-86ad8000 r--p 00029000 08:02 2627790    /usr/lib/i386-linux-gnu/libvorbis.so.0.4.5
86ad8000-86ad9000 rw-p 0002a000 08:02 2627790    /usr/lib/i386-linux-gnu/libvorbis.so.0.4.5
86ad9000-86ae2000 r-xp 00000000 08:02 2627422    /usr/lib/i386-linux-gnu/libltdl.so.7.3.0
86ae2000-86ae3000 r--p 00008000 08:02 2627422    /usr/lib/i386-linux-gnu/libltdl.so.7.3.0
86ae3000-86ae4000 rw-p 00009000 08:02 2627422    /usr/lib/i386-linux-gnu/libltdl.so.7.3.0
86ae4000-86af6000 r-xp 00000000 08:02 2627711    /usr/lib/i386-linux-gnu/libtdb.so.1.2.12
86af6000-86af7000 r--p 00011000 08:02 2627711    /usr/lib/i386-linux-gnu/libtdb.so.1.2.12
86af7000-86af8000 rw-p 00012000 08:02 2627711    /usr/lib/i386-linux-gnu/libtdb.so.1.2.12
86af8000-86b00000 r-xp 00000000 08:02 2627794    /usr/lib/i386-linux-gnu/libvorbisfile.so.3.3.4
86b00000-86b01000 r--p 00007000 08:02 2627794    /usr/lib/i386-linux-gnu/libvorbisfile.so.3.3.4
86b01000-86b02000 rw-p 00008000 08:02 2627794    /usr/lib/i386-linux-gnu/libvorbisfile.so.3.3.4
86b02000-86b11000 r-xp 00000000 08:02 2626936    /usr/lib/i386-linux-gnu/libcanberra.so.0.2.5
86b11000-86b12000 r--p 0000e000 08:02 2626936    /usr/lib/i386-linux-gnu/libcanberra.so.0.2.5
86b12000-86b13000 rw-p 0000f000 08:02 2626936    /usr/lib/i386-linux-gnu/libcanberra.so.0.2.5
86b13000-86b17000 r-xp 00000000 08:02 2626932    /usr/lib/i386-linux-gnu/libcanberra-gtk.so.0.1.9
86b17000-86b18000 r--p 00003000 08:02 2626932    /usr/lib/i386-linux-gnu/libcanberra-gtk.so.0.1.9
86b18000-86b19000 rw-p 00004000 08:02 2626932    /usr/lib/i386-linux-gnu/libcanberra-gtk.so.0.1.9
86b19000-86b1a000 r--s 00000000 08:02 2228421    /var/cache/fontconfig/c05880de57d1f5e948fdfacc138775d9-le32d4.cache-4
86b1a000-86b1b000 r--s 00000000 08:02 2228431    /var/cache/fontconfig/e7071f4a29fa870f4323321c154eba04-le32d4.cache-4
86b1b000-86b34000 r--p 00000000 08:02 137868     /usr/share/locale-langpack/es/LC_MESSAGES/glib20.mo
86b34000-86b38000 r-xp 00000000 08:02 2628982    /usr/lib/i386-linux-gnu/gtk-2.0/modules/libcanberra-gtk-module.so
86b38000-86b39000 ---p 00004000 08:02 2628982    /usr/lib/i386-linux-gnu/gtk-2.0/modules/libcanberra-gtk-module.so
86b39000-86b3a000 r--p 00004000 08:02 2628982    /usr/lib/i386-linux-gnu/gtk-2.0/modules/libcanberra-gtk-module.so
86b3a000-86b3b000 rw-p 00005000 08:02 2628982    /usr/lib/i386-linux-gnu/gtk-2.0/modules/libcanberra-gtk-module.so
86b3b000-86b70000 r-xp 00000000 08:02 2628964    /usr/lib/i386-linux-gnu/gtk-2.0/2.10.0/engines/libmurrine.so
86b70000-86b71000 r--p 00034000 08:02 2628964    /usr/lib/i386-linux-gnu/gtk-2.0/2.10.0/engines/libmurrine.so
86b71000-86b72000 rw-p 00035000 08:02 2628964    /usr/lib/i386-linux-gnu/gtk-2.0/2.10.0/engines/libmurrine.so
86b72000-86b9c000 r--p 00000000 08:02 137912     /usr/share/locale-langpack/es/LC_MESSAGES/gtk20-properties.mo
86b9c000-86bad000 r-xp 00000000 08:02 2628985    /usr/lib/i386-linux-gnu/gtk-2.0/modules/liboverlay-scrollbar.so
86bad000-86bae000 r--p 00010000 08:02 2628985    /usr/lib/i386-linux-gnu/gtk-2.0/modules/liboverlay-scrollbar.so
86bae000-86baf000 rw-p 00011000 08:02 2628985    /usr/lib/i386-linux-gnu/gtk-2.0/modules/liboverlay-scrollbar.so
86baf000-86bd9000 r--p 00000000 08:02 683120     /usr/share/locale/es/LC_MESSAGES/gtk20-properties.mo
86bd9000-86bf3000 r-xp 00000000 08:02 2627226    /usr/lib/i386-linux-gnu/libgraphite2.so.3.0.1
86bf3000-86bf4000 r--p 00019000 08:02 2627226    /usr/lib/i386-linux-gnu/libgraphite2.so.3.0.1
86bf4000-86bf5000 rw-p 0001a000 08:02 2627226    /usr/lib/i386-linux-gnu/libgraphite2.so.3.0.1
86bf5000-86bfc000 r-xp 00000000 08:02 2627000    /usr/lib/i386-linux-gnu/libdatrie.so.1.3.1
86bfc000-86bfd000 r--p 00006000 08:02 2627000    /usr/lib/i386-linux-gnu/libdatrie.so.1.3.1
86bfd000-86bfe000 rw-p 00007000 08:02 2627000    /usr/lib/i386-linux-gnu/libdatrie.so.1.3.1
86bfe000-86c55000 r-xp 00000000 08:02 2625842    /usr/lib/i386-linux-gnu/libharfbuzz.so.0.935.0
86c55000-86c56000 r--p 00056000 08:02 2625842    /usr/lib/i386-linux-gnu/libharfbuzz.so.0.935.0
86c56000-86c57000 rw-p 00057000 08:02 2625842    /usr/lib/i386-linux-gnu/libharfbuzz.so.0.935.0
86c57000-86c5f000 r-xp 00000000 08:02 2627849    /usr/lib/i386-linux-gnu/libxcb-render.so.0.0.0
86c5f000-86c60000 r--p 00008000 08:02 2627849    /usr/lib/i386-linux-gnu/libxcb-render.so.0.0.0
86c60000-86c61000 rw-p 00009000 08:02 2627849    /usr/lib/i386-linux-gnu/libxcb-render.so.0.0.0
86c61000-86d05000 r-xp 00000000 08:02 2627555    /usr/lib/i386-linux-gnu/libpixman-1.so.0.30.2
86d05000-86d0a000 r--p 000a4000 08:02 2627555    /usr/lib/i386-linux-gnu/libpixman-1.so.0.30.2
86d0a000-86d0b000 rw-p 000a9000 08:02 2627555    /usr/lib/i386-linux-gnu/libpixman-1.so.0.30.2
86d0b000-86d13000 r-xp 00000000 08:02 2627723    /usr/lib/i386-linux-gnu/libthai.so.0.2.0
86d13000-86d14000 r--p 00007000 08:02 2627723    /usr/lib/i386-linux-gnu/libthai.so.0.2.0
86d14000-86d15000 rw-p 00008000 08:02 2627723    /usr/lib/i386-linux-gnu/libthai.so.0.2.0
86d15000-86d29000 r-xp 00000000 08:02 2627531    /usr/lib/i386-linux-gnu/libpangoft2-1.0.so.0.3600.6
86d29000-86d2a000 r--p 00013000 08:02 2627531    /usr/lib/i386-linux-gnu/libpangoft2-1.0.so.0.3600.6
86d2a000-86d2b000 rw-p 00014000 08:02 2627531    /usr/lib/i386-linux-gnu/libpangoft2-1.0.so.0.3600.6
86d2b000-86e4a000 r-xp 00000000 08:02 2626928    /usr/lib/i386-linux-gnu/libcairo.so.2.11301.0
86e4a000-86e4c000 r--p 0011e000 08:02 2626928    /usr/lib/i386-linux-gnu/libcairo.so.2.11301.0
86e4c000-86e4d000 rw-p 00120000 08:02 2626928    /usr/lib/i386-linux-gnu/libcairo.so.2.11301.0
86e4d000-86e4e000 rw-p 00000000 00:00 0 
86e4e000-86e6e000 r-xp 00000000 08:02 2630948    /usr/lib/i386-linux-gnu/libatk-1.0.so.0.21209.1
86e6e000-86e6f000 ---p 00020000 08:02 2630948    /usr/lib/i386-linux-gnu/libatk-1.0.so.0.21209.1
86e6f000-86e71000 r--p 00020000 08:02 2630948    /usr/lib/i386-linux-gnu/libatk-1.0.so.0.21209.1
86e71000-86e72000 rw-p 00022000 08:02 2630948    /usr/lib/i386-linux-gnu/libatk-1.0.so.0.21209.1
86e72000-86ebc000 r-xp 00000000 08:02 2627533    /usr/lib/i386-linux-gnu/libpango-1.0.so.0.3600.6
86ebc000-86ebd000 ---p 0004a000 08:02 2627533    /usr/lib/i386-linux-gnu/libpango-1.0.so.0.3600.6
86ebd000-86ebe000 r--p 0004a000 08:02 2627533    /usr/lib/i386-linux-gnu/libpango-1.0.so.0.3600.6
86ebe000-86ebf000 rw-p 0004b000 08:02 2627533    /usr/lib/i386-linux-gnu/libpango-1.0.so.0.3600.6
86ebf000-86ee0000 r-xp 00000000 08:02 2627156    /usr/lib/i386-linux-gnu/libgdk_pixbuf-2.0.so.0.3000.7
86ee0000-86ee1000 r--p 00020000 08:02 2627156    /usr/lib/i386-linux-gnu/libgdk_pixbuf-2.0.so.0.3000.7
86ee1000-86ee2000 rw-p 00021000 08:02 2627156    /usr/lib/i386-linux-gnu/libgdk_pixbuf-2.0.so.0.3000.7
86ee2000-86f8d000 r-xp 00000000 08:02 2629133    /usr/lib/i386-linux-gnu/libgdk-x11-2.0.so.0.2400.24
86f8d000-86f8e000 ---p 000ab000 08:02 2629133    /usr/lib/i386-linux-gnu/libgdk-x11-2.0.so.0.2400.24
86f8e000-86f90000 r--p 000ab000 08:02 2629133    /usr/lib/i386-linux-gnu/libgdk-x11-2.0.so.0.2400.24
86f90000-86f91000 rw-p 000ad000 08:02 2629133    /usr/lib/i386-linux-gnu/libgdk-x11-2.0.so.0.2400.24
86f91000-873f8000 r-xp 00000000 08:02 2629132    /usr/lib/i386-linux-gnu/libgtk-x11-2.0.so.0.2400.24
873f8000-873fc000 r--p 00466000 08:02 2629132    /usr/lib/i386-linux-gnu/libgtk-x11-2.0.so.0.2400.24
873fc000-873fe000 rw-p 0046a000 08:02 2629132    /usr/lib/i386-linux-gnu/libgtk-x11-2.0.so.0.2400.24
873fe000-87400000 rw-p 00000000 00:00 0 
87400000-874fc000 rw-p 00000000 00:00 0 
874fc000-87500000 ---p 00000000 00:00 0 
87500000-87501000 r--s 00000000 08:02 2228398    /var/cache/fontconfig/0d8c3b2ac0904cb8a57a757ad11a4a08-le32d4.cache-4
87501000-87502000 r--s 00000000 08:02 2228400    /var/cache/fontconfig/1ac9eb803944fde146138c791f5cc56a-le32d4.cache-4
87502000-87505000 r--s 00000000 08:02 2236870    /var/cache/fontconfig/7ef2298fde41cc6eeb7af42e48b7d293-le32d4.cache-4
87505000-87507000 r-xp 00000000 08:02 2627853    /usr/lib/i386-linux-gnu/libxcb-shm.so.0.0.0
87507000-87508000 r--p 00001000 08:02 2627853    /usr/lib/i386-linux-gnu/libxcb-shm.so.0.0.0
87508000-87509000 rw-p 00002000 08:02 2627853    /usr/lib/i386-linux-gnu/libxcb-shm.so.0.0.0
87509000-8750b000 r-xp 00000000 08:02 2626806    /usr/lib/i386-linux-gnu/libXdamage.so.1.1.0
8750b000-8750c000 r--p 00001000 08:02 2626806    /usr/lib/i386-linux-gnu/libXdamage.so.1.1.0
8750c000-8750d000 rw-p 00002000 08:02 2626806    /usr/lib/i386-linux-gnu/libXdamage.so.1.1.0
8750d000-87510000 ---p 00000000 00:00 0 
87510000-8755e000 rw-p 00000000 00:00 0          [stack:4215]
8755e000-87561000 ---p 00000000 00:00 0 
87561000-875af000 rw-p 00000000 00:00 0          [stack:4214]
875af000-875b2000 ---p 00000000 00:00 0 
875b2000-87600000 rw-p 00000000 00:00 0          [stack:4224]
87600000-876fd000 rw-p 00000000 00:00 0 
876fd000-87700000 ---p 00000000 00:00 0 
87700000-87709000 r-xp 00000000 08:02 2626830    /usr/lib/i386-linux-gnu/libXrandr.so.2.2.0
87709000-8770a000 r--p 00008000 08:02 2626830    /usr/lib/i386-linux-gnu/libXrandr.so.2.2.0
8770a000-8770b000 rw-p 00009000 08:02 2626830    /usr/lib/i386-linux-gnu/libXrandr.so.2.2.0
8770b000-8770e000 ---p 00000000 00:00 0 
8770e000-8775c000 rw-p 00000000 00:00 0          [stack:4212]
8775c000-877ac000 r-xp 00000000 08:02 2766176    /usr/lib/jvm/java-7-openjdk-i386/jre/lib/i386/libfontmanager.so
877ac000-877ae000 r--p 0004f000 08:02 2766176    /usr/lib/jvm/java-7-openjdk-i386/jre/lib/i386/libfontmanager.so
877ae000-877af000 rw-p 00051000 08:02 2766176    /usr/lib/jvm/java-7-openjdk-i386/jre/lib/i386/libfontmanager.so
877af000-877b2000 ---p 00000000 00:00 0 
877b2000-87800000 rw-p 00000000 00:00 0          [stack:4211]
87800000-87849000 rw-p 00000000 00:00 0 
87849000-87900000 ---p 00000000 00:00 0 
87900000-87902000 r--s 00000000 08:02 2228412    /var/cache/fontconfig/767a8244fc0220cfb567a839d0392e0b-le32d4.cache-4
87902000-8790b000 r-xp 00000000 08:02 2640848    /usr/lib/i386-linux-gnu/gtk-2.0/2.10.0/engines/libpixmap.so
8790b000-8790c000 r--p 00008000 08:02 2640848    /usr/lib/i386-linux-gnu/gtk-2.0/2.10.0/engines/libpixmap.so
8790c000-8790d000 rw-p 00009000 08:02 2640848    /usr/lib/i386-linux-gnu/gtk-2.0/2.10.0/engines/libpixmap.so
8790d000-8791c000 r--p 00000000 08:02 683121     /usr/share/locale/es/LC_MESSAGES/gtk20.mo
8791c000-87965000 r-xp 00000000 08:02 2627397    /usr/lib/i386-linux-gnu/libjpeg.so.8.0.2
87965000-87966000 r--p 00048000 08:02 2627397    /usr/lib/i386-linux-gnu/libjpeg.so.8.0.2
87966000-87967000 rw-p 00049000 08:02 2627397    /usr/lib/i386-linux-gnu/libjpeg.so.8.0.2
87967000-87977000 rw-p 00000000 00:00 0 
87977000-87978000 r--s 00000000 08:02 2228428    /var/cache/fontconfig/dc05db6664285cc2f12bf69c139ae4c3-le32d4.cache-4
87978000-87983000 r-xp 00000000 08:02 2627338    /usr/lib/i386-linux-gnu/libpangocairo-1.0.so.0.3600.6
87983000-87984000 r--p 0000a000 08:02 2627338    /usr/lib/i386-linux-gnu/libpangocairo-1.0.so.0.3600.6
87984000-87985000 rw-p 0000b000 08:02 2627338    /usr/lib/i386-linux-gnu/libpangocairo-1.0.so.0.3600.6
87985000-87990000 r-xp 00000000 08:02 2766222    /usr/lib/jvm/java-7-openjdk-i386/jre/lib/i386/libjavagtk.so
87990000-87991000 r--p 0000a000 08:02 2766222    /usr/lib/jvm/java-7-openjdk-i386/jre/lib/i386/libjavagtk.so
87991000-87992000 rw-p 0000b000 08:02 2766222    /usr/lib/jvm/java-7-openjdk-i386/jre/lib/i386/libjavagtk.so
87992000-8799b000 r-xp 00000000 08:02 2766175    /usr/lib/jvm/java-7-openjdk-i386/jre/lib/i386/libjavajpeg.so
8799b000-8799c000 r--p 00008000 08:02 2766175    /usr/lib/jvm/java-7-openjdk-i386/jre/lib/i386/libjavajpeg.so
8799c000-8799d000 rw-p 00009000 08:02 2766175    /usr/lib/jvm/java-7-openjdk-i386/jre/lib/i386/libjavajpeg.so
8799d000-879b4000 r-xp 00000000 08:02 2766173    /usr/lib/jvm/java-7-openjdk-i386/jre/lib/i386/libnet.so
879b4000-879b5000 r--p 00017000 08:02 2766173    /usr/lib/jvm/java-7-openjdk-i386/jre/lib/i386/libnet.so
879b5000-879b6000 rw-p 00018000 08:02 2766173    /usr/lib/jvm/java-7-openjdk-i386/jre/lib/i386/libnet.so
879b6000-879b9000 ---p 00000000 00:00 0 
879b9000-87a07000 rw-p 00000000 00:00 0 
87a07000-87a0a000 ---p 00000000 00:00 0 
87a0a000-87a58000 rw-p 00000000 00:00 0          [stack:4209]
87a58000-87a61000 r-xp 00000000 08:02 2626804    /usr/lib/i386-linux-gnu/libXcursor.so.1.0.2
87a61000-87a62000 r--p 00008000 08:02 2626804    /usr/lib/i386-linux-gnu/libXcursor.so.1.0.2
87a62000-87a63000 rw-p 00009000 08:02 2626804    /usr/lib/i386-linux-gnu/libXcursor.so.1.0.2
87a63000-87a65000 r-xp 00000000 08:02 2626802    /usr/lib/i386-linux-gnu/libXcomposite.so.1.0.0
87a65000-87a66000 r--p 00001000 08:02 2626802    /usr/lib/i386-linux-gnu/libXcomposite.so.1.0.0
87a66000-87a67000 rw-p 00002000 08:02 2626802    /usr/lib/i386-linux-gnu/libXcomposite.so.1.0.0
87a67000-87a69000 r-xp 00000000 08:02 2626820    /usr/lib/i386-linux-gnu/libXinerama.so.1.0.0
87a69000-87a6a000 r--p 00001000 08:02 2626820    /usr/lib/i386-linux-gnu/libXinerama.so.1.0.0
87a6a000-87a6b000 rw-p 00002000 08:02 2626820    /usr/lib/i386-linux-gnu/libXinerama.so.1.0.0
87a6b000-87a7c000 r-xp 00000000 08:02 2766153    /usr/lib/jvm/java-7-openjdk-i386/jre/lib/i386/libnio.so
87a7c000-87a7d000 r--p 00010000 08:02 2766153    /usr/lib/jvm/java-7-openjdk-i386/jre/lib/i386/libnio.so
87a7d000-87a7e000 rw-p 00011000 08:02 2766153    /usr/lib/jvm/java-7-openjdk-i386/jre/lib/i386/libnio.so
87a7e000-87a81000 ---p 00000000 00:00 0 
87a81000-87acf000 rw-p 00000000 00:00 0          [stack:4208]
87acf000-87af5000 r--p 00000000 08:02 137969     /usr/share/locale-langpack/es/LC_MESSAGES/libc.mo
87af5000-87af8000 r-xp 00000000 08:02 3015706    /lib/i386-linux-gnu/libgpg-error.so.0.10.0
87af8000-87af9000 r--p 00002000 08:02 3015706    /lib/i386-linux-gnu/libgpg-error.so.0.10.0
87af9000-87afa000 rw-p 00003000 08:02 3015706    /lib/i386-linux-gnu/libgpg-error.so.0.10.0
87afa000-87b36000 r-xp 00000000 08:02 3015776    /lib/i386-linux-gnu/libpcre.so.3.13.1
87b36000-87b37000 r--p 0003b000 08:02 3015776    /lib/i386-linux-gnu/libpcre.so.3.13.1
87b37000-87b38000 rw-p 0003c000 08:02 3015776    /lib/i386-linux-gnu/libpcre.so.3.13.1
87b38000-87b5e000 r-xp 00000000 08:02 3015788    /lib/i386-linux-gnu/libpng12.so.0.50.0
87b5e000-87b5f000 r--p 00025000 08:02 3015788    /lib/i386-linux-gnu/libpng12.so.0.50.0
87b5f000-87b60000 rw-p 00026000 08:02 3015788    /lib/i386-linux-gnu/libpng12.so.0.50.0
87b60000-87ba9000 r-xp 00000000 08:02 3015687    /lib/i386-linux-gnu/libdbus-1.so.3.7.6
87ba9000-87baa000 r--p 00048000 08:02 3015687    /lib/i386-linux-gnu/libdbus-1.so.3.7.6
87baa000-87bab000 rw-p 00049000 08:02 3015687    /lib/i386-linux-gnu/libdbus-1.so.3.7.6
87bab000-87be2000 r-xp 00000000 08:02 2627524    /usr/lib/i386-linux-gnu/libp11-kit.so.0.0.0
87be2000-87be3000 ---p 00037000 08:02 2627524    /usr/lib/i386-linux-gnu/libp11-kit.so.0.0.0
87be3000-87be6000 r--p 00037000 08:02 2627524    /usr/lib/i386-linux-gnu/libp11-kit.so.0.0.0
87be6000-87be7000 rw-p 0003a000 08:02 2627524    /usr/lib/i386-linux-gnu/libp11-kit.so.0.0.0
87be7000-87bf9000 r-xp 00000000 08:02 2621483    /usr/lib/i386-linux-gnu/libtasn1.so.6.2.0
87bf9000-87bfa000 r--p 00011000 08:02 2621483    /usr/lib/i386-linux-gnu/libtasn1.so.6.2.0
87bfa000-87bfb000 rw-p 00012000 08:02 2621483    /usr/lib/i386-linux-gnu/libtasn1.so.6.2.0
87bfb000-87c7d000 r-xp 00000000 08:02 3015680    /lib/i386-linux-gnu/libgcrypt.so.11.8.2
87c7d000-87c7e000 r--p 00082000 08:02 3015680    /lib/i386-linux-gnu/libgcrypt.so.11.8.2
87c7e000-87c80000 rw-p 00083000 08:02 3015680    /lib/i386-linux-gnu/libgcrypt.so.11.8.2
87c80000-87c81000 rw-p 00000000 00:00 0 
87c81000-87c8b000 r-xp 00000000 08:02 2627407    /usr/lib/i386-linux-gnu/libkrb5support.so.0.1
87c8b000-87c8c000 r--p 00009000 08:02 2627407    /usr/lib/i386-linux-gnu/libkrb5support.so.0.1
87c8c000-87c8d000 rw-p 0000a000 08:02 2627407    /usr/lib/i386-linux-gnu/libkrb5support.so.0.1
87c8d000-87cbb000 r-xp 00000000 08:02 2627401    /usr/lib/i386-linux-gnu/libk5crypto.so.3.1
87cbb000-87cbc000 r--p 0002d000 08:02 2627401    /usr/lib/i386-linux-gnu/libk5crypto.so.3.1
87cbc000-87cbd000 rw-p 0002e000 08:02 2627401    /usr/lib/i386-linux-gnu/libk5crypto.so.3.1
87cbd000-87d74000 r-xp 00000000 08:02 2627405    /usr/lib/i386-linux-gnu/libkrb5.so.3.3
87d74000-87d7a000 r--p 000b7000 08:02 2627405    /usr/lib/i386-linux-gnu/libkrb5.so.3.3
87d7a000-87d7b000 rw-p 000bd000 08:02 2627405    /usr/lib/i386-linux-gnu/libkrb5.so.3.3
87d7b000-87d8e000 r-xp 00000000 08:02 3014761    /lib/i386-linux-gnu/libresolv-2.19.so
87d8e000-87d8f000 ---p 00013000 08:02 3014761    /lib/i386-linux-gnu/libresolv-2.19.so
87d8f000-87d90000 r--p 00013000 08:02 3014761    /lib/i386-linux-gnu/libresolv-2.19.so
87d90000-87d91000 rw-p 00014000 08:02 3014761    /lib/i386-linux-gnu/libresolv-2.19.so
87d91000-87d93000 rw-p 00000000 00:00 0 
87d93000-87db3000 r-xp 00000000 08:02 3015803    /lib/i386-linux-gnu/libselinux.so.1
87db3000-87db4000 r--p 0001f000 08:02 3015803    /lib/i386-linux-gnu/libselinux.so.1
87db4000-87db5000 rw-p 00020000 08:02 3015803    /lib/i386-linux-gnu/libselinux.so.1
87db5000-87db6000 rw-p 00000000 00:00 0 
87db6000-87ec0000 r-xp 00000000 08:02 3015704    /lib/i386-linux-gnu/libglib-2.0.so.0.4002.0
87ec0000-87ec1000 r--p 00109000 08:02 3015704    /lib/i386-linux-gnu/libglib-2.0.so.0.4002.0
87ec1000-87ec2000 rw-p 0010a000 08:02 3015704    /lib/i386-linux-gnu/libglib-2.0.so.0.4002.0
87ec2000-87ee7000 r-xp 00000000 08:02 3015695    /lib/i386-linux-gnu/libexpat.so.1.6.0
87ee7000-87ee8000 ---p 00025000 08:02 3015695    /lib/i386-linux-gnu/libexpat.so.1.6.0
87ee8000-87eea000 r--p 00025000 08:02 3015695    /lib/i386-linux-gnu/libexpat.so.1.6.0
87eea000-87eeb000 rw-p 00027000 08:02 3015695    /lib/i386-linux-gnu/libexpat.so.1.6.0
87eeb000-87f86000 r-xp 00000000 08:02 2623859    /usr/lib/i386-linux-gnu/libfreetype.so.6.11.1
87f86000-87f8a000 r--p 0009a000 08:02 2623859    /usr/lib/i386-linux-gnu/libfreetype.so.6.11.1
87f8a000-87f8b000 rw-p 0009e000 08:02 2623859    /usr/lib/i386-linux-gnu/libfreetype.so.6.11.1
87f8b000-8804c000 r-xp 00000000 08:02 2623707    /usr/lib/i386-linux-gnu/libgnutls.so.26.22.6
8804c000-88050000 r--p 000c0000 08:02 2623707    /usr/lib/i386-linux-gnu/libgnutls.so.26.22.6
88050000-88051000 rw-p 000c4000 08:02 2623707    /usr/lib/i386-linux-gnu/libgnutls.so.26.22.6
88051000-88094000 r-xp 00000000 08:02 2627235    /usr/lib/i386-linux-gnu/libgssapi_krb5.so.2.2
88094000-88095000 r--p 00042000 08:02 2627235    /usr/lib/i386-linux-gnu/libgssapi_krb5.so.2.2
88095000-88096000 rw-p 00043000 08:02 2627235    /usr/lib/i386-linux-gnu/libgssapi_krb5.so.2.2
88096000-880e6000 r-xp 00000000 08:02 2627208    /usr/lib/i386-linux-gnu/libgobject-2.0.so.0.4002.0
880e6000-880e7000 r--p 0004f000 08:02 2627208    /usr/lib/i386-linux-gnu/libgobject-2.0.so.0.4002.0
880e7000-880e8000 rw-p 00050000 08:02 2627208    /usr/lib/i386-linux-gnu/libgobject-2.0.so.0.4002.0
880e8000-88265000 r-xp 00000000 08:02 2627180    /usr/lib/i386-linux-gnu/libgio-2.0.so.0.4002.0
88265000-88267000 r--p 0017d000 08:02 2627180    /usr/lib/i386-linux-gnu/libgio-2.0.so.0.4002.0
88267000-88268000 rw-p 0017f000 08:02 2627180    /usr/lib/i386-linux-gnu/libgio-2.0.so.0.4002.0
88268000-88269000 rw-p 00000000 00:00 0 
88269000-882a2000 r-xp 00000000 08:02 2627093    /usr/lib/i386-linux-gnu/libfontconfig.so.1.8.0
882a2000-882a3000 r--p 00039000 08:02 2627093    /usr/lib/i386-linux-gnu/libfontconfig.so.1.8.0
882a3000-882a4000 rw-p 0003a000 08:02 2627093    /usr/lib/i386-linux-gnu/libfontconfig.so.1.8.0
882a4000-8830b000 r-xp 00000000 08:02 2622697    /usr/lib/i386-linux-gnu/libcups.so.2
8830b000-8830c000 ---p 00067000 08:02 2622697    /usr/lib/i386-linux-gnu/libcups.so.2
8830c000-88310000 r--p 00067000 08:02 2622697    /usr/lib/i386-linux-gnu/libcups.so.2
88310000-88311000 rw-p 0006b000 08:02 2622697    /usr/lib/i386-linux-gnu/libcups.so.2
88311000-88441000 r-xp 00000000 08:02 2626793    /usr/lib/i386-linux-gnu/libX11.so.6.3.0
88441000-88442000 r--p 00130000 08:02 2626793    /usr/lib/i386-linux-gnu/libX11.so.6.3.0
88442000-88444000 rw-p 00131000 08:02 2626793    /usr/lib/i386-linux-gnu/libX11.so.6.3.0
88444000-88445000 rw-p 00000000 00:00 0 
88445000-884d4000 r-xp 00000000 08:02 2766152    /usr/lib/jvm/java-7-openjdk-i386/jre/lib/i386/libawt.so
884d4000-884d5000 r--p 0008f000 08:02 2766152    /usr/lib/jvm/java-7-openjdk-i386/jre/lib/i386/libawt.so
884d5000-884dc000 rw-p 00090000 08:02 2766152    /usr/lib/jvm/java-7-openjdk-i386/jre/lib/i386/libawt.so
884dc000-88500000 rw-p 00000000 00:00 0 
88500000-885fb000 rw-p 00000000 00:00 0 
885fb000-88600000 ---p 00000000 00:00 0 
88600000-88601000 r--s 00000000 08:02 2237746    /var/cache/fontconfig/4794a0821666d79190d59a36cb4f44b5-le32d4.cache-4
88601000-88603000 r-xp 00000000 08:02 3015716    /lib/i386-linux-gnu/libkeyutils.so.1.4
88603000-88604000 r--p 00002000 08:02 3015716    /lib/i386-linux-gnu/libkeyutils.so.1.4
88604000-88605000 rw-p 00003000 08:02 3015716    /lib/i386-linux-gnu/libkeyutils.so.1.4
88605000-88615000 r-xp 00000000 08:02 2626901    /usr/lib/i386-linux-gnu/libavahi-client.so.3.2.9
88615000-88616000 r--p 0000f000 08:02 2626901    /usr/lib/i386-linux-gnu/libavahi-client.so.3.2.9
88616000-88617000 rw-p 00010000 08:02 2626901    /usr/lib/i386-linux-gnu/libavahi-client.so.3.2.9
88617000-88637000 r-xp 00000000 08:02 2627863    /usr/lib/i386-linux-gnu/libxcb.so.1.1.0
88637000-88638000 r--p 0001f000 08:02 2627863    /usr/lib/i386-linux-gnu/libxcb.so.1.1.0
88638000-88639000 rw-p 00020000 08:02 2627863    /usr/lib/i386-linux-gnu/libxcb.so.1.1.0
88639000-8863a000 ---p 00000000 00:00 0 
8863a000-886ba000 rw-p 00000000 00:00 0          [stack:4207]
886ba000-886bd000 ---p 00000000 00:00 0 
886bd000-8870b000 rw-p 00000000 00:00 0          [stack:4206]
8870b000-8870e000 ---p 00000000 00:00 0 
8870e000-8878c000 rw-p 00000000 00:00 0          [stack:4205]
8878c000-8878f000 ---p 00000000 00:00 0 
8878f000-8880d000 rw-p 00000000 00:00 0          [stack:4204]
8880d000-88810000 ---p 00000000 00:00 0 
88810000-8885e000 rw-p 00000000 00:00 0 
8885e000-88861000 ---p 00000000 00:00 0 
88861000-888af000 rw-p 00000000 00:00 0          [stack:4199]
888af000-888b2000 ---p 00000000 00:00 0 
888b2000-88900000 rw-p 00000000 00:00 0          [stack:4198]
88900000-88921000 rw-p 00000000 00:00 0 
88921000-88a00000 ---p 00000000 00:00 0 
88a00000-88a44000 rw-p 00000000 00:00 0 
88a44000-88b00000 ---p 00000000 00:00 0 
88b00000-88b01000 r--s 00000000 08:02 2228408    /var/cache/fontconfig/56cf4f4769d0f4abc89a4895d7bd3ae1-le32d4.cache-4
88b01000-88b04000 r-xp 00000000 08:02 3015656    /lib/i386-linux-gnu/libcom_err.so.2.1
88b04000-88b05000 r--p 00002000 08:02 3015656    /lib/i386-linux-gnu/libcom_err.so.2.1
88b05000-88b06000 rw-p 00003000 08:02 3015656    /lib/i386-linux-gnu/libcom_err.so.2.1
88b06000-88b0b000 r-xp 00000000 08:02 2626808    /usr/lib/i386-linux-gnu/libXdmcp.so.6.0.0
88b0b000-88b0c000 r--p 00004000 08:02 2626808    /usr/lib/i386-linux-gnu/libXdmcp.so.6.0.0
88b0c000-88b0d000 rw-p 00005000 08:02 2626808    /usr/lib/i386-linux-gnu/libXdmcp.so.6.0.0
88b0d000-88b10000 ---p 00000000 00:00 0 
88b10000-88b5e000 rw-p 00000000 00:00 0          [stack:4197]
88b5e000-88b61000 ---p 00000000 00:00 0 
88b61000-88baf000 rw-p 00000000 00:00 0          [stack:4196]
88baf000-88bb2000 ---p 00000000 00:00 0 
88bb2000-88c00000 rw-p 00000000 00:00 0          [stack:4195]
88c00000-88d00000 rw-p 00000000 00:00 0 
88d00000-88d01000 r--s 00000000 08:02 2228420    /var/cache/fontconfig/b9d506c9ac06c20b433354fa67a72993-le32d4.cache-4
88d01000-88d02000 r--s 00000000 08:02 2228397    /var/cache/fontconfig/0c9eb80ebd1c36541ebe2852d3bb0c49-le32d4.cache-4
88d02000-88d4a000 r-xp 00000000 08:02 2766224    /usr/lib/jvm/java-7-openjdk-i386/jre/lib/i386/xawt/libmawt.so
88d4a000-88d4b000 r--p 00047000 08:02 2766224    /usr/lib/jvm/java-7-openjdk-i386/jre/lib/i386/xawt/libmawt.so
88d4b000-88d4d000 rw-p 00048000 08:02 2766224    /usr/lib/jvm/java-7-openjdk-i386/jre/lib/i386/xawt/libmawt.so
88d4d000-88d4e000 rw-p 00000000 00:00 0 
88d4e000-88d4f000 ---p 00000000 00:00 0 
88d4f000-88dcf000 rw-p 00000000 00:00 0          [stack:4194]
88dcf000-88f80000 r--s 01d27000 08:02 2766181    /usr/lib/jvm/java-7-openjdk-i386/jre/lib/rt.jar
88f80000-8a600000 rw-p 00000000 00:00 0 
8a600000-8a684000 rw-p 00000000 00:00 0 
8a684000-8a700000 ---p 00000000 00:00 0 
8a700000-8a701000 r--s 00000000 08:02 2245362    /var/cache/fontconfig/62f91419b9ebdb6975e7e41ab6412357-le32d4.cache-4
8a701000-8a703000 r-xp 00000000 08:02 2626797    /usr/lib/i386-linux-gnu/libXau.so.6.0.0
8a703000-8a704000 r--p 00001000 08:02 2626797    /usr/lib/i386-linux-gnu/libXau.so.6.0.0
8a704000-8a705000 rw-p 00002000 08:02 2626797    /usr/lib/i386-linux-gnu/libXau.so.6.0.0
8a705000-8a711000 r-xp 00000000 08:02 2626903    /usr/lib/i386-linux-gnu/libavahi-common.so.3.5.3
8a711000-8a712000 r--p 0000b000 08:02 2626903    /usr/lib/i386-linux-gnu/libavahi-common.so.3.5.3
8a712000-8a713000 rw-p 0000c000 08:02 2626903    /usr/lib/i386-linux-gnu/libavahi-common.so.3.5.3
8a713000-8a721000 r-xp 00000000 08:02 2623866    /usr/lib/i386-linux-gnu/libXi.so.6.1.0
8a721000-8a722000 r--p 0000e000 08:02 2623866    /usr/lib/i386-linux-gnu/libXi.so.6.1.0
8a722000-8a723000 rw-p 0000f000 08:02 2623866    /usr/lib/i386-linux-gnu/libXi.so.6.1.0
8a723000-8a734000 r-xp 00000000 08:02 2622672    /usr/lib/i386-linux-gnu/libXext.so.6.4.0
8a734000-8a735000 r--p 00010000 08:02 2622672    /usr/lib/i386-linux-gnu/libXext.so.6.4.0
8a735000-8a736000 rw-p 00011000 08:02 2622672    /usr/lib/i386-linux-gnu/libXext.so.6.4.0
8a736000-8a77f000 rw-p 00000000 00:00 0 
8a77f000-8a780000 ---p 00000000 00:00 0 
8a780000-8a800000 rw-p 00000000 00:00 0          [stack:4193]
8a800000-8a821000 rw-p 00000000 00:00 0 
8a821000-8a900000 ---p 00000000 00:00 0 
8a900000-8a9fa000 rw-p 00000000 00:00 0 
8a9fa000-8aa00000 ---p 00000000 00:00 0 
8aa00000-8aa02000 r--s 00000000 08:02 2236677    /var/cache/fontconfig/e13b20fdb08344e0e664864cc2ede53d-le32d4.cache-4
8aa02000-8aa07000 r-xp 00000000 08:02 2627079    /usr/lib/i386-linux-gnu/libffi.so.6.0.1
8aa07000-8aa08000 r--p 00005000 08:02 2627079    /usr/lib/i386-linux-gnu/libffi.so.6.0.1
8aa08000-8aa09000 rw-p 00006000 08:02 2627079    /usr/lib/i386-linux-gnu/libffi.so.6.0.1
8aa09000-8aa0a000 r--s 00000000 00:15 28657      /run/user/1000/dconf/user
8aa0a000-8aa0b000 r-xp 00000000 08:02 2627315    /usr/lib/i386-linux-gnu/libgthread-2.0.so.0.4002.0
8aa0b000-8aa0c000 r--p 00000000 08:02 2627315    /usr/lib/i386-linux-gnu/libgthread-2.0.so.0.4002.0
8aa0c000-8aa0d000 rw-p 00001000 08:02 2627315    /usr/lib/i386-linux-gnu/libgthread-2.0.so.0.4002.0
8aa0d000-8aa11000 r-xp 00000000 08:02 2621920    /usr/lib/i386-linux-gnu/libXfixes.so.3.1.0
8aa11000-8aa12000 r--p 00003000 08:02 2621920    /usr/lib/i386-linux-gnu/libXfixes.so.3.1.0
8aa12000-8aa13000 rw-p 00004000 08:02 2621920    /usr/lib/i386-linux-gnu/libXfixes.so.3.1.0
8aa13000-8aa1d000 r--s 000ae000 08:02 2766189    /usr/lib/jvm/java-7-openjdk-i386/jre/lib/resources.jar
8aa1d000-8aa24000 r--s 00000000 08:02 2634572    /usr/lib/i386-linux-gnu/gconv/gconv-modules.cache
8aa24000-8aa7f000 rw-p 00000000 00:00 0 
8aa7f000-8aa80000 ---p 00000000 00:00 0 
8aa80000-8ab00000 rw-p 00000000 00:00 0          [stack:4192]
8ab00000-8abfc000 rw-p 00000000 00:00 0 
8abfc000-8ac00000 ---p 00000000 00:00 0 
8ac00000-8ac05000 r-xp 00000000 08:02 2626838    /usr/lib/i386-linux-gnu/libXtst.so.6.1.0
8ac05000-8ac06000 r--p 00004000 08:02 2626838    /usr/lib/i386-linux-gnu/libXtst.so.6.1.0
8ac06000-8ac07000 rw-p 00005000 08:02 2626838    /usr/lib/i386-linux-gnu/libXtst.so.6.1.0
8ac07000-8ac10000 r-xp 00000000 08:02 2623868    /usr/lib/i386-linux-gnu/libXrender.so.1.3.0
8ac10000-8ac11000 r--p 00008000 08:02 2623868    /usr/lib/i386-linux-gnu/libXrender.so.1.3.0
8ac11000-8ac12000 rw-p 00009000 08:02 2623868    /usr/lib/i386-linux-gnu/libXrender.so.1.3.0
8ac12000-8ac13000 ---p 00000000 00:00 0 
8ac13000-8ac93000 rw-p 00000000 00:00 0          [stack:4191]
8ac93000-8ac94000 ---p 00000000 00:00 0 
8ac94000-8ad1c000 rw-p 00000000 00:00 0          [stack:4190]
8ad1c000-8ad54000 rw-p 00000000 00:00 0 
8ad54000-8ad5e000 rw-p 00000000 00:00 0 
8ad5e000-8adff000 rw-p 00000000 00:00 0 
8adff000-8ae07000 rw-p 00000000 00:00 0 
8ae07000-8ae3f000 rw-p 00000000 00:00 0 
8ae3f000-8ae49000 rw-p 00000000 00:00 0 
8ae49000-8aee9000 rw-p 00000000 00:00 0 
8aee9000-8aeef000 rw-p 00000000 00:00 0 
8aeef000-8af3f000 rw-p 00000000 00:00 0 
8af3f000-8bf40000 rw-p 00000000 00:00 0 
8bf40000-92f40000 rw-p 00000000 00:00 0 
92f40000-94340000 rw-p 00000000 00:00 0 
94340000-a8480000 rw-p 00000000 00:00 0 
a8480000-a8e80000 rw-p 00000000 00:00 0 
a8e80000-b2f40000 rw-p 00000000 00:00 0 
b2f40000-b2f43000 r-xp 00000000 08:02 2627192    /usr/lib/i386-linux-gnu/libgmodule-2.0.so.0.4002.0
b2f43000-b2f44000 r--p 00002000 08:02 2627192    /usr/lib/i386-linux-gnu/libgmodule-2.0.so.0.4002.0
b2f44000-b2f45000 rw-p 00003000 08:02 2627192    /usr/lib/i386-linux-gnu/libgmodule-2.0.so.0.4002.0
b2f45000-b2f4f000 r--s 00203000 08:02 2766177    /usr/lib/jvm/java-7-openjdk-i386/jre/lib/charsets.jar
b2f4f000-b2f52000 r--s 0001c000 08:02 7534       /home/lypef/workspace/fyvc/jcalendar-1.3.3.jar
b2f52000-b2f53000 r--s 0001c000 08:02 2637623    /usr/local/netbeans-8.0.2/platform/modules/ext/swing-layout-1.0.4.jar
b2f53000-b2f5b000 r--s 000c3000 08:02 2767664    /usr/local/netbeans-8.0.2/ide/modules/ext/mysql-connector-java-5.1.23-bin.jar
b2f5b000-b2f62000 r--s 000ca000 08:02 7565       /home/lypef/workspace/fyvc/mysql-connector-java-5.1.26-bin.jar
b2f62000-b2f64000 r--s 00012000 08:02 2894931    /usr/lib/jvm/java-7-openjdk-i386/jre/lib/ext/zipfs.jar
b2f64000-b2f68000 r--s 0003c000 08:02 2894927    /usr/lib/jvm/java-7-openjdk-i386/jre/lib/ext/sunpkcs11.jar
b2f68000-b2f6a000 r--s 00006000 08:02 3290079    /usr/share/java/java-atk-wrapper.jar
b2f6a000-b2f82000 rw-p 00000000 00:00 0 
b2f82000-b3039000 rw-p 00000000 00:00 0 
b3039000-b3279000 rwxp 00000000 00:00 0 
b3279000-b6039000 rw-p 00000000 00:00 0 
b6039000-b6044000 r-xp 00000000 08:02 3019099    /lib/i386-linux-gnu/libnss_files-2.19.so
b6044000-b6045000 r--p 0000a000 08:02 3019099    /lib/i386-linux-gnu/libnss_files-2.19.so
b6045000-b6046000 rw-p 0000b000 08:02 3019099    /lib/i386-linux-gnu/libnss_files-2.19.so
b6046000-b6050000 r-xp 00000000 08:02 3014749    /lib/i386-linux-gnu/libnss_nis-2.19.so
b6050000-b6051000 r--p 00009000 08:02 3014749    /lib/i386-linux-gnu/libnss_nis-2.19.so
b6051000-b6052000 rw-p 0000a000 08:02 3014749    /lib/i386-linux-gnu/libnss_nis-2.19.so
b6052000-b6067000 r-xp 00000000 08:02 3014750    /lib/i386-linux-gnu/libnsl-2.19.so
b6067000-b6068000 r--p 00015000 08:02 3014750    /lib/i386-linux-gnu/libnsl-2.19.so
b6068000-b6069000 rw-p 00016000 08:02 3014750    /lib/i386-linux-gnu/libnsl-2.19.so
b6069000-b606b000 rw-p 00000000 00:00 0 
b606b000-b6072000 r-xp 00000000 08:02 3014755    /lib/i386-linux-gnu/libnss_compat-2.19.so
b6072000-b6073000 r--p 00006000 08:02 3014755    /lib/i386-linux-gnu/libnss_compat-2.19.so
b6073000-b6074000 rw-p 00007000 08:02 3014755    /lib/i386-linux-gnu/libnss_compat-2.19.so
b6074000-b6075000 r--s 00000000 08:02 1053196    /usr/local/netbeans-8.0.2/java/modules/ext/AbsoluteLayout.jar
b6075000-b6078000 r--s 00086000 08:02 2894928    /usr/lib/jvm/java-7-openjdk-i386/jre/lib/ext/localedata.jar
b6078000-b6079000 r--s 00002000 08:02 2894930    /usr/lib/jvm/java-7-openjdk-i386/jre/lib/ext/dnsns.jar
b6079000-b607d000 r--s 00034000 08:02 2894929    /usr/lib/jvm/java-7-openjdk-i386/jre/lib/ext/sunjce_provider.jar
b607d000-b6085000 r-xp 00000000 08:02 2766154    /usr/lib/jvm/java-7-openjdk-i386/jre/lib/i386/libzip.so
b6085000-b6086000 r--p 00007000 08:02 2766154    /usr/lib/jvm/java-7-openjdk-i386/jre/lib/i386/libzip.so
b6086000-b6087000 rw-p 00008000 08:02 2766154    /usr/lib/jvm/java-7-openjdk-i386/jre/lib/i386/libzip.so
b6087000-b608f000 rw-s 00000000 08:02 1853194    /tmp/hsperfdata_lypef/4185
b608f000-b61c0000 r--p 0032d000 08:02 2630223    /usr/lib/locale/locale-archive
b61c0000-b63c0000 r--p 00000000 08:02 2630223    /usr/lib/locale/locale-archive
b63c0000-b63fe000 r-xp 00000000 08:02 2766171    /usr/lib/jvm/java-7-openjdk-i386/jre/lib/i386/libjdwp.so
b63fe000-b63ff000 r--p 0003d000 08:02 2766171    /usr/lib/jvm/java-7-openjdk-i386/jre/lib/i386/libjdwp.so
b63ff000-b6400000 rw-p 0003e000 08:02 2766171    /usr/lib/jvm/java-7-openjdk-i386/jre/lib/i386/libjdwp.so
b6400000-b64f9000 rw-p 00000000 00:00 0 
b64f9000-b6500000 ---p 00000000 00:00 0 
b6500000-b6504000 r-xp 00000000 08:02 2766170    /usr/lib/jvm/java-7-openjdk-i386/jre/lib/i386/libdt_socket.so
b6504000-b6505000 r--p 00003000 08:02 2766170    /usr/lib/jvm/java-7-openjdk-i386/jre/lib/i386/libdt_socket.so
b6505000-b6506000 rw-p 00004000 08:02 2766170    /usr/lib/jvm/java-7-openjdk-i386/jre/lib/i386/libdt_socket.so
b6506000-b652d000 r-xp 00000000 08:02 2766149    /usr/lib/jvm/java-7-openjdk-i386/jre/lib/i386/libjava.so
b652d000-b652e000 r--p 00026000 08:02 2766149    /usr/lib/jvm/java-7-openjdk-i386/jre/lib/i386/libjava.so
b652e000-b652f000 rw-p 00027000 08:02 2766149    /usr/lib/jvm/java-7-openjdk-i386/jre/lib/i386/libjava.so
b652f000-b6536000 r-xp 00000000 08:02 3019269    /lib/i386-linux-gnu/librt-2.19.so
b6536000-b6537000 r--p 00006000 08:02 3019269    /lib/i386-linux-gnu/librt-2.19.so
b6537000-b6538000 rw-p 00007000 08:02 3019269    /lib/i386-linux-gnu/librt-2.19.so
b6538000-b653b000 ---p 00000000 00:00 0 
b653b000-b6589000 rw-p 00000000 00:00 0          [stack:4189]
b6589000-b65a5000 r-xp 00000000 08:02 3015700    /lib/i386-linux-gnu/libgcc_s.so.1
b65a5000-b65a6000 rw-p 0001b000 08:02 3015700    /lib/i386-linux-gnu/libgcc_s.so.1
b65a6000-b65ea000 r-xp 00000000 08:02 3014754    /lib/i386-linux-gnu/libm-2.19.so
b65ea000-b65eb000 r--p 00043000 08:02 3014754    /lib/i386-linux-gnu/libm-2.19.so
b65eb000-b65ec000 rw-p 00044000 08:02 3014754    /lib/i386-linux-gnu/libm-2.19.so
b65ec000-b66c8000 r-xp 00000000 08:02 2623891    /usr/lib/i386-linux-gnu/libstdc++.so.6.0.19
b66c8000-b66cc000 r--p 000dc000 08:02 2623891    /usr/lib/i386-linux-gnu/libstdc++.so.6.0.19
b66cc000-b66cd000 rw-p 000e0000 08:02 2623891    /usr/lib/i386-linux-gnu/libstdc++.so.6.0.19
b66cd000-b66d4000 rw-p 00000000 00:00 0 
b66d4000-b70c2000 r-xp 00000000 08:02 2894905    /usr/lib/jvm/java-7-openjdk-i386/jre/lib/i386/server/libjvm.so
b70c2000-b70c3000 ---p 009ee000 08:02 2894905    /usr/lib/jvm/java-7-openjdk-i386/jre/lib/i386/server/libjvm.so
b70c3000-b7115000 r--p 009ee000 08:02 2894905    /usr/lib/jvm/java-7-openjdk-i386/jre/lib/i386/server/libjvm.so
b7115000-b7129000 rw-p 00a40000 08:02 2894905    /usr/lib/jvm/java-7-openjdk-i386/jre/lib/i386/server/libjvm.so
b7129000-b7547000 rw-p 00000000 00:00 0 
b7547000-b755f000 r-xp 00000000 08:02 3015836    /lib/i386-linux-gnu/libz.so.1.2.8
b755f000-b7560000 r--p 00017000 08:02 3015836    /lib/i386-linux-gnu/libz.so.1.2.8
b7560000-b7561000 rw-p 00018000 08:02 3015836    /lib/i386-linux-gnu/libz.so.1.2.8
b7561000-b7579000 r-xp 00000000 08:02 3014759    /lib/i386-linux-gnu/libpthread-2.19.so
b7579000-b757a000 r--p 00018000 08:02 3014759    /lib/i386-linux-gnu/libpthread-2.19.so
b757a000-b757b000 rw-p 00019000 08:02 3014759    /lib/i386-linux-gnu/libpthread-2.19.so
b757b000-b757d000 rw-p 00000000 00:00 0 
b757d000-b7580000 r-xp 00000000 08:02 3014747    /lib/i386-linux-gnu/libdl-2.19.so
b7580000-b7581000 r--p 00002000 08:02 3014747    /lib/i386-linux-gnu/libdl-2.19.so
b7581000-b7582000 rw-p 00003000 08:02 3014747    /lib/i386-linux-gnu/libdl-2.19.so
b7582000-b772a000 r-xp 00000000 08:02 3014746    /lib/i386-linux-gnu/libc-2.19.so
b772a000-b772c000 r--p 001a8000 08:02 3014746    /lib/i386-linux-gnu/libc-2.19.so
b772c000-b772d000 rw-p 001aa000 08:02 3014746    /lib/i386-linux-gnu/libc-2.19.so
b772d000-b7730000 rw-p 00000000 00:00 0 
b7730000-b7733000 r--s 0000f000 08:02 2894926    /usr/lib/jvm/java-7-openjdk-i386/jre/lib/ext/icedtea-sound.jar
b7733000-b7734000 r--p 00599000 08:02 2630223    /usr/lib/locale/locale-archive
b7734000-b7737000 r-xp 00000000 08:02 2766147    /usr/lib/jvm/java-7-openjdk-i386/jre/lib/i386/libnpt.so
b7737000-b7738000 r--p 00002000 08:02 2766147    /usr/lib/jvm/java-7-openjdk-i386/jre/lib/i386/libnpt.so
b7738000-b7739000 rw-p 00003000 08:02 2766147    /usr/lib/jvm/java-7-openjdk-i386/jre/lib/i386/libnpt.so
b7739000-b773a000 rw-p 00000000 00:00 0 
b773a000-b773b000 ---p 00000000 00:00 0 
b773b000-b7749000 r-xp 00000000 08:02 2766165    /usr/lib/jvm/java-7-openjdk-i386/jre/lib/i386/libverify.so
b7749000-b774a000 r--p 0000d000 08:02 2766165    /usr/lib/jvm/java-7-openjdk-i386/jre/lib/i386/libverify.so
b774a000-b774b000 rw-p 0000e000 08:02 2766165    /usr/lib/jvm/java-7-openjdk-i386/jre/lib/i386/libverify.so
b774b000-b7757000 r-xp 00000000 08:02 2894897    /usr/lib/jvm/java-7-openjdk-i386/jre/lib/i386/jli/libjli.so
b7757000-b7758000 r--p 0000c000 08:02 2894897    /usr/lib/jvm/java-7-openjdk-i386/jre/lib/i386/jli/libjli.so
b7758000-b7759000 rw-p 0000d000 08:02 2894897    /usr/lib/jvm/java-7-openjdk-i386/jre/lib/i386/jli/libjli.so
b7759000-b775c000 rw-p 00000000 00:00 0 
b775c000-b775d000 r-xp 00000000 00:00 0          [vdso]
b775d000-b775f000 r--p 00000000 00:00 0          [vvar]
b775f000-b777f000 r-xp 00000000 08:02 3014748    /lib/i386-linux-gnu/ld-2.19.so
b777f000-b7780000 r--p 0001f000 08:02 3014748    /lib/i386-linux-gnu/ld-2.19.so
b7780000-b7781000 rw-p 00020000 08:02 3014748    /lib/i386-linux-gnu/ld-2.19.so
bfe7c000-bfe7d000 rwxp 00000000 00:00 0 
bfeaf000-bfed0000 rw-p 00000000 00:00 0          [stack]

VM Arguments:
jvm_args: -Xdebug -Xrunjdwp:transport=dt_socket,address=localhost:40835 -Dfile.encoding=UTF-8 
java_command: Clases.Main
Launcher Type: SUN_STANDARD

Environment Variables:
PATH=/home/lypef/.rvm/gems/ruby-2.2.2/bin:/home/lypef/.rvm/gems/ruby-2.2.2@global/bin:/home/lypef/.rvm/rubies/ruby-2.2.2/bin:/usr/local/sbin:/usr/local/bin:/usr/sbin:/usr/bin:/sbin:/bin:/usr/games:/usr/local/games:/home/lypef/.rvm/bin
LD_LIBRARY_PATH=/usr/lib/jvm/default-java/jre/lib/amd64:/usr/lib/jvm/default-java/jre/lib/i386:
SHELL=/bin/bash
DISPLAY=:0

Signal Handlers:
SIGSEGV: [libjvm.so+0x80cd90], sa_mask[0]=0x7ffbfeff, sa_flags=0x10000004
SIGBUS: [libjvm.so+0x80cd90], sa_mask[0]=0x7ffbfeff, sa_flags=0x10000004
SIGFPE: [libjvm.so+0x684dd0], sa_mask[0]=0x7ffbfeff, sa_flags=0x10000004
SIGPIPE: SIG_IGN, sa_mask[0]=0x00001000, sa_flags=0x10000000
SIGXFSZ: [libjvm.so+0x684dd0], sa_mask[0]=0x7ffbfeff, sa_flags=0x10000004
SIGILL: [libjvm.so+0x684dd0], sa_mask[0]=0x7ffbfeff, sa_flags=0x10000004
SIGUSR1: SIG_DFL, sa_mask[0]=0x00000000, sa_flags=0x00000000
SIGUSR2: [libjvm.so+0x684c60], sa_mask[0]=0x00000004, sa_flags=0x10000004
SIGHUP: [libjvm.so+0x684e90], sa_mask[0]=0x7ffbfeff, sa_flags=0x10000004
SIGINT: SIG_IGN, sa_mask[0]=0x00000000, sa_flags=0x00000000
SIGTERM: [libjvm.so+0x684e90], sa_mask[0]=0x7ffbfeff, sa_flags=0x10000004
SIGQUIT: [libjvm.so+0x684e90], sa_mask[0]=0x7ffbfeff, sa_flags=0x10000004
SIGTRAP: SIG_DFL, sa_mask[0]=0x00000000, sa_flags=0x00000000


---------------  S Y S T E M  ---------------

OS:Ubuntu 14.04 (trusty)
uname:Linux 3.16.0-41-generic #57~14.04.1-Ubuntu SMP Thu Jun 18 18:01:50 UTC 2015 i686
libc:glibc 2.19 NPTL 2.19 
rlimit: STACK 8192k, CORE 0k, NPROC 15254, NOFILE 4096, AS infinity
load average:0.99 0.73 0.33

/proc/meminfo:
MemTotal:        1972144 kB
MemFree:          889220 kB
MemAvailable:    1322232 kB
Buffers:           28628 kB
Cached:           629324 kB
SwapCached:         7912 kB
Active:           518816 kB
Inactive:         477360 kB
Active(anon):     222280 kB
Inactive(anon):   220824 kB
Active(file):     296536 kB
Inactive(file):   256536 kB
Unevictable:          84 kB
Mlocked:              84 kB
HighTotal:       1098968 kB
HighFree:         473656 kB
LowTotal:         873176 kB
LowFree:          415564 kB
SwapTotal:       2002940 kB
SwapFree:        1970508 kB
Dirty:               332 kB
Writeback:             0 kB
AnonPages:        330812 kB
Mapped:           232688 kB
Shmem:            105080 kB
Slab:              52984 kB
SReclaimable:      33720 kB
SUnreclaim:        19264 kB
KernelStack:        3664 kB
PageTables:         5776 kB
NFS_Unstable:          0 kB
Bounce:                0 kB
WritebackTmp:          0 kB
CommitLimit:     2989012 kB
Committed_AS:    2345100 kB
VmallocTotal:     122880 kB
VmallocUsed:       17328 kB
VmallocChunk:     100252 kB
AnonHugePages:    112640 kB
HugePages_Total:       0
HugePages_Free:        0
HugePages_Rsvd:        0
HugePages_Surp:        0
Hugepagesize:       2048 kB
DirectMap4k:       28664 kB
DirectMap2M:      878592 kB


CPU:total 4 (2 cores per cpu, 2 threads per core) family 6 model 42 stepping 7, cmov, cx8, fxsr, mmx, sse, sse2, sse3, ssse3, sse4.1, sse4.2, popcnt, avx, aes, ht, tsc, tscinvbit

/proc/cpuinfo:
processor	: 0
vendor_id	: GenuineIntel
cpu family	: 6
model		: 42
model name	: Intel(R) Core(TM) i5-2467M CPU @ 1.60GHz
stepping	: 7
microcode	: 0x1a
cpu MHz		: 2000.000
cache size	: 3072 KB
physical id	: 0
siblings	: 4
core id		: 0
cpu cores	: 2
apicid		: 0
initial apicid	: 0
fdiv_bug	: no
f00f_bug	: no
coma_bug	: no
fpu		: yes
fpu_exception	: yes
cpuid level	: 13
wp		: yes
flags		: fpu vme de pse tsc msr pae mce cx8 apic sep mtrr pge mca cmov pat pse36 clflush dts acpi mmx fxsr sse sse2 ss ht tm pbe nx rdtscp lm constant_tsc arch_perfmon pebs bts xtopology nonstop_tsc aperfmperf eagerfpu pni pclmulqdq dtes64 monitor ds_cpl vmx est tm2 ssse3 cx16 xtpr pdcm pcid sse4_1 sse4_2 x2apic popcnt tsc_deadline_timer aes xsave avx lahf_lm ida arat xsaveopt pln pts dtherm tpr_shadow vnmi flexpriority ept vpid
bogomips	: 3200.12
clflush size	: 64
cache_alignment	: 64
address sizes	: 36 bits physical, 48 bits virtual
power management:

processor	: 1
vendor_id	: GenuineIntel
cpu family	: 6
model		: 42
model name	: Intel(R) Core(TM) i5-2467M CPU @ 1.60GHz
stepping	: 7
microcode	: 0x1a
cpu MHz		: 2000.000
cache size	: 3072 KB
physical id	: 0
siblings	: 4
core id		: 1
cpu cores	: 2
apicid		: 2
initial apicid	: 2
fdiv_bug	: no
f00f_bug	: no
coma_bug	: no
fpu		: yes
fpu_exception	: yes
cpuid level	: 13
wp		: yes
flags		: fpu vme de pse tsc msr pae mce cx8 apic sep mtrr pge mca cmov pat pse36 clflush dts acpi mmx fxsr sse sse2 ss ht tm pbe nx rdtscp lm constant_tsc arch_perfmon pebs bts xtopology nonstop_tsc aperfmperf eagerfpu pni pclmulqdq dtes64 monitor ds_cpl vmx est tm2 ssse3 cx16 xtpr pdcm pcid sse4_1 sse4_2 x2apic popcnt tsc_deadline_timer aes xsave avx lahf_lm ida arat xsaveopt pln pts dtherm tpr_shadow vnmi flexpriority ept vpid
bogomips	: 3200.12
clflush size	: 64
cache_alignment	: 64
address sizes	: 36 bits physical, 48 bits virtual
power management:

processor	: 2
vendor_id	: GenuineIntel
cpu family	: 6
model		: 42
model name	: Intel(R) Core(TM) i5-2467M CPU @ 1.60GHz
stepping	: 7
microcode	: 0x1a
cpu MHz		: 2000.000
cache size	: 3072 KB
physical id	: 0
siblings	: 4
core id		: 0
cpu cores	: 2
apicid		: 1
initial apicid	: 1
fdiv_bug	: no
f00f_bug	: no
coma_bug	: no
fpu		: yes
fpu_exception	: yes
cpuid level	: 13
wp		: yes
flags		: fpu vme de pse tsc msr pae mce cx8 apic sep mtrr pge mca cmov pat pse36 clflush dts acpi mmx fxsr sse sse2 ss ht tm pbe nx rdtscp lm constant_tsc arch_perfmon pebs bts xtopology nonstop_tsc aperfmperf eagerfpu pni pclmulqdq dtes64 monitor ds_cpl vmx est tm2 ssse3 cx16 xtpr pdcm pcid sse4_1 sse4_2 x2apic popcnt tsc_deadline_timer aes xsave avx lahf_lm ida arat xsaveopt pln pts dtherm tpr_shadow vnmi flexpriority ept vpid
bogomips	: 3200.12
clflush size	: 64
cache_alignment	: 64
address sizes	: 36 bits physical, 48 bits virtual
power management:

processor	: 3
vendor_id	: GenuineIntel
cpu family	: 6
model		: 42
model name	: Intel(R) Core(TM) i5-2467M CPU @ 1.60GHz
stepping	: 7
microcode	: 0x1a
cpu MHz		: 2000.000
cache size	: 3072 KB
physical id	: 0
siblings	: 4
core id		: 1
cpu cores	: 2
apicid		: 3
initial apicid	: 3
fdiv_bug	: no
f00f_bug	: no
coma_bug	: no
fpu		: yes
fpu_exception	: yes
cpuid level	: 13
wp		: yes
flags		: fpu vme de pse tsc msr pae mce cx8 apic sep mtrr pge mca cmov pat pse36 clflush dts acpi mmx fxsr sse sse2 ss ht tm pbe nx rdtscp lm constant_tsc arch_perfmon pebs bts xtopology nonstop_tsc aperfmperf eagerfpu pni pclmulqdq dtes64 monitor ds_cpl vmx est tm2 ssse3 cx16 xtpr pdcm pcid sse4_1 sse4_2 x2apic popcnt tsc_deadline_timer aes xsave avx lahf_lm ida arat xsaveopt pln pts dtherm tpr_shadow vnmi flexpriority ept vpid
bogomips	: 3200.12
clflush size	: 64
cache_alignment	: 64
address sizes	: 36 bits physical, 48 bits virtual
power management:



Memory: 4k page, physical 1972144k(889320k free), swap 2002940k(1970508k free)

vm_info: OpenJDK Server VM (24.79-b02) for linux-x86 JRE (1.7.0_79-b14), built on Apr 16 2015 08:24:42 by "buildd" with gcc 4.8.2

time: Wed Aug 12 22:42:27 2015
elapsed time: 43 seconds

